<?xml version="1.0" encoding="utf-8"?><testsuites name="pytest tests"><testsuite name="pytest" errors="0" failures="0" skipped="0" tests="41" time="27.590" timestamp="2026-03-14T20:17:23.907448+01:00" hostname="DESKTOP-0TAVV7M"><testcase classname="test.pil.openbsw.test_flash_verify.TestFlashVerify" name="test_programmer_exists" time="0.001" /><testcase classname="test.pil.openbsw.test_flash_verify.TestFlashVerify" name="test_elf_exists[g474re]" time="0.001" /><testcase classname="test.pil.openbsw.test_flash_verify.TestFlashVerify" name="test_stlink_connects[g474re]" time="0.093" /><testcase classname="test.pil.openbsw.test_flash_verify.TestFlashVerify" name="test_flash_and_verify[g474re]" time="2.224" /><testcase classname="test.pil.openbsw.test_flash_verify.TestFlashVerify" name="test_elf_exists[f413zh]" time="0.000" /><testcase classname="test.pil.openbsw.test_flash_verify.TestFlashVerify" name="test_stlink_connects[f413zh]" time="0.116" /><testcase classname="test.pil.openbsw.test_flash_verify.TestFlashVerify" name="test_flash_and_verify[f413zh]" time="3.236" /><testcase classname="test.pil.openbsw.test_openbsw_f413zh.TestF413ZhFlash" name="test_boot_produces_output" time="11.452" /><testcase classname="test.pil.openbsw.test_openbsw_f413zh.TestF413ZhFlash" name="test_lifecycle_log_present" time="0.000" /><testcase classname="test.pil.openbsw.test_openbsw_f413zh.TestF413ZhLifecycle" name="test_lifecycle_init_level_1" time="0.000" /><testcase classname="test.pil.openbsw.test_openbsw_f413zh.TestF413ZhLifecycle" name="test_lifecycle_run_level_1" time="0.000" /><testcase classname="test.pil.openbsw.test_openbsw_f413zh.TestF413ZhLifecycle" name="test_lifecycle_init_level_2" time="0.000" /><testcase classname="test.pil.openbsw.test_openbsw_f413zh.TestF413ZhLifecycle" name="test_lifecycle_init_can" time="0.000" /><testcase classname="test.pil.openbsw.test_openbsw_f413zh.TestF413ZhLifecycle" name="test_lifecycle_run_can" time="0.000" /><testcase classname="test.pil.openbsw.test_openbsw_f413zh.TestF413ZhLifecycle" name="test_lifecycle_init_level_9" time="0.000" /><testcase classname="test.pil.openbsw.test_openbsw_f413zh.TestF413ZhLifecycle" name="test_lifecycle_run_level_9" time="0.000" /><testcase classname="test.pil.openbsw.test_openbsw_f413zh.TestF413ZhLifecycle" name="test_no_hardfault" time="0.000" /><testcase classname="test.pil.openbsw.test_openbsw_f413zh.TestF413ZhCan" name="test_can_frame_sent" time="0.000" /><testcase classname="test.pil.openbsw.test_openbsw_f413zh.TestF413ZhCan" name="test_can_frame_id" time="0.000" /><testcase classname="test.pil.openbsw.test_openbsw_f413zh.TestF413ZhCan" name="test_multiple_frames_sent" time="0.000" /><testcase classname="test.pil.openbsw.test_openbsw_f413zh.TestF413ZhCan" name="test_no_bus_error" time="0.000" /><testcase classname="test.pil.openbsw.test_openbsw_f413zh.TestF413ZhHardwareConfig" name="test_clock_96mhz_via_uart" time="0.000" /><testcase classname="test.pil.openbsw.test_openbsw_f413zh.TestF413ZhHardwareConfig" name="test_uart_clean_output" time="0.000" /><testcase classname="test.pil.openbsw.test_openbsw_f413zh.TestF413ZhHardwareConfig" name="test_freertos_tick_advancing" time="0.000" /><testcase classname="test.pil.openbsw.test_openbsw_g474re.TestG474ReFlash" name="test_boot_produces_output" time="10.405" /><testcase classname="test.pil.openbsw.test_openbsw_g474re.TestG474ReFlash" name="test_lifecycle_log_present" time="0.000" /><testcase classname="test.pil.openbsw.test_openbsw_g474re.TestG474ReLifecycle" name="test_lifecycle_init_level_1" time="0.000" /><testcase classname="test.pil.openbsw.test_openbsw_g474re.TestG474ReLifecycle" name="test_lifecycle_run_level_1" time="0.000" /><testcase classname="test.pil.openbsw.test_openbsw_g474re.TestG474ReLifecycle" name="test_lifecycle_init_level_2" time="0.000" /><testcase classname="test.pil.openbsw.test_openbsw_g474re.TestG474ReLifecycle" name="test_lifecycle_init_can" time="0.000" /><testcase classname="test.pil.openbsw.test_openbsw_g474re.TestG474ReLifecycle" name="test_lifecycle_run_can" time="0.000" /><testcase classname="test.pil.openbsw.test_openbsw_g474re.TestG474ReLifecycle" name="test_lifecycle_init_level_9" time="0.000" /><testcase classname="test.pil.openbsw.test_openbsw_g474re.TestG474ReLifecycle" name="test_lifecycle_run_level_9" time="0.000" /><testcase classname="test.pil.openbsw.test_openbsw_g474re.TestG474ReLifecycle" name="test_no_hardfault" time="0.000" /><testcase classname="test.pil.openbsw.test_openbsw_g474re.TestG474ReCan" name="test_can_frame_sent" time="0.000" /><testcase classname="test.pil.openbsw.test_openbsw_g474re.TestG474ReCan" name="test_can_frame_id" time="0.000" /><testcase classname="test.pil.openbsw.test_openbsw_g474re.TestG474ReCan" name="test_multiple_frames_sent" time="0.000" /><testcase classname="test.pil.openbsw.test_openbsw_g474re.TestG474ReCan" name="test_no_bus_error" time="0.000" /><testcase classname="test.pil.openbsw.test_openbsw_g474re.TestG474ReHardwareConfig" name="test_clock_170mhz_via_uart" time="0.000" /><testcase classname="test.pil.openbsw.test_openbsw_g474re.TestG474ReHardwareConfig" name="test_uart_clean_output" time="0.000" /><testcase classname="test.pil.openbsw.test_openbsw_g474re.TestG474ReHardwareConfig" name="test_freertos_tick_advancing" time="0.000" /></testsuite></testsuites>